2025-01-19 21:02:48,965 [ERROR] LogOutputStream:75 - [STDERR_REDIRECT] 
2025-01-19 21:08:31,126 [INFO] Activator:176 - 


2025-01-19 21:08:31,129 [INFO] Activator:177 - !SESSION log4j initialized
2025-01-19 21:08:39,041 [INFO] LogOutputStream:77 - [STDOUT_REDIRECT] 
2025-01-19 21:08:40,959 [INFO] ApplicationProperties:184 - Using Application install path: C:\ST\STM32CubeIDE_1.17.0\STM32CubeIDE\plugins\com.st.stm32cube.common.mx_6.13.0.202411220809
2025-01-19 21:08:40,980 [INFO] DbMcusXml:78 - Set database path to: C:\ST\STM32CubeIDE_1.17.0\STM32CubeIDE\plugins\com.st.stm32cube.common.mx_6.13.0.202411220809\\db\/mcu/
2025-01-19 21:08:40,980 [INFO] ApiDb:274 - Set plugin database path to: C:\ST\STM32CubeIDE_1.17.0\STM32CubeIDE\plugins\com.st.stm32cube.common.mx_6.13.0.202411220809\\db\/plugins/boardmanager/
2025-01-19 21:08:40,980 [WARN] ApiDb:259 - Overriding images path with different value:  => C:\ST\STM32CubeIDE_1.17.0\STM32CubeIDE\plugins\com.st.stm32cube.common.mx_6.13.0.202411220809\\db\/plugins/mcufinder/images/
2025-01-19 21:08:41,000 [INFO] ApiDb:250 - Set database path to: C:\Users\penta\.stmcufinder\plugins\mcufinder//mcu/
2025-01-19 21:08:41,001 [INFO] DbMcusAds:125 - Set database path to: C:\Users\penta\.stmcufinder\plugins\mcufinder//mcu/
2025-01-19 21:08:41,005 [INFO] CrossReferenceDbSqlite:203 - Set database path to: C:\Users\penta\.stmcufinder\plugins\mcufinder//mcu/cs/
2025-01-19 21:08:41,140 [INFO] RulesReader:64 - Compatibility file has been processed (297 Rules)
2025-01-19 21:08:41,241 [INFO] DbMcusXml:78 - Set database path to: C:\ST\STM32CubeIDE_1.17.0\STM32CubeIDE\plugins\com.st.stm32cube.common.mx_6.13.0.202411220809\\db\/mcu/
2025-01-19 21:08:41,241 [INFO] ApiDb:274 - Set plugin database path to: C:\ST\STM32CubeIDE_1.17.0\STM32CubeIDE\plugins\com.st.stm32cube.common.mx_6.13.0.202411220809\\db\/plugins/boardmanager/
2025-01-19 21:08:41,241 [INFO] ApiDb:261 - Set plugin images path to: C:\ST\STM32CubeIDE_1.17.0\STM32CubeIDE\plugins\com.st.stm32cube.common.mx_6.13.0.202411220809\\db\/plugins/mcufinder/images/
2025-01-19 21:08:41,241 [WARN] DbFile:41 - Overriding database path with different value: C:\Users\penta\.stmcufinder\plugins\mcufinder/ => C:\Users\penta\.stmcufinder\plugins\mcufinder
2025-01-19 21:08:41,241 [INFO] ApiDb:250 - Set database path to: C:\Users\penta\.stmcufinder\plugins\mcufinder//mcu/
2025-01-19 21:08:41,241 [WARN] DbFile:41 - Overriding database path with different value: C:\Users\penta\.stmcufinder\plugins\mcufinder/ => C:\Users\penta\.stmcufinder\plugins\mcufinder
2025-01-19 21:08:41,241 [INFO] DbMcusAds:125 - Set database path to: C:\Users\penta\.stmcufinder\plugins\mcufinder//mcu/
2025-01-19 21:08:41,241 [WARN] DbFile:41 - Overriding database path with different value: C:\Users\penta\.stmcufinder\plugins\mcufinder/ => C:\Users\penta\.stmcufinder\plugins\mcufinder
2025-01-19 21:08:41,241 [WARN] DbFile:41 - Overriding database path with different value: C:\Users\penta\.stmcufinder\plugins\mcufinder/ => C:\Users\penta\.stmcufinder\plugins\mcufinder
2025-01-19 21:08:41,241 [INFO] CrossReferenceDbSqlite:203 - Set database path to: C:\Users\penta\.stmcufinder\plugins\mcufinder//mcu/cs/
2025-01-19 21:08:41,363 [INFO] MainPanel:272 - HeapMemory: 268435456
2025-01-19 21:08:41,512 [INFO] DbMcusXml:78 - Set database path to: C:\ST\STM32CubeIDE_1.17.0\STM32CubeIDE\plugins\com.st.stm32cube.common.mx_6.13.0.202411220809\\db\/mcu/
2025-01-19 21:08:41,512 [INFO] ApiDb:274 - Set plugin database path to: C:\ST\STM32CubeIDE_1.17.0\STM32CubeIDE\plugins\com.st.stm32cube.common.mx_6.13.0.202411220809\\db\/plugins/boardmanager/
2025-01-19 21:08:41,512 [INFO] ApiDb:261 - Set plugin images path to: C:\ST\STM32CubeIDE_1.17.0\STM32CubeIDE\plugins\com.st.stm32cube.common.mx_6.13.0.202411220809\\db\/plugins/mcufinder/images/
2025-01-19 21:08:41,512 [WARN] DbFile:41 - Overriding database path with different value: C:\Users\penta\.stmcufinder\plugins\mcufinder/ => C:\Users\penta\.stmcufinder\plugins\mcufinder
2025-01-19 21:08:41,512 [INFO] ApiDb:250 - Set database path to: C:\Users\penta\.stmcufinder\plugins\mcufinder//mcu/
2025-01-19 21:08:41,512 [WARN] DbFile:41 - Overriding database path with different value: C:\Users\penta\.stmcufinder\plugins\mcufinder/ => C:\Users\penta\.stmcufinder\plugins\mcufinder
2025-01-19 21:08:41,513 [INFO] DbMcusAds:125 - Set database path to: C:\Users\penta\.stmcufinder\plugins\mcufinder//mcu/
2025-01-19 21:08:41,513 [WARN] DbFile:41 - Overriding database path with different value: C:\Users\penta\.stmcufinder\plugins\mcufinder/ => C:\Users\penta\.stmcufinder\plugins\mcufinder
2025-01-19 21:08:41,513 [WARN] DbFile:41 - Overriding database path with different value: C:\Users\penta\.stmcufinder\plugins\mcufinder/ => C:\Users\penta\.stmcufinder\plugins\mcufinder
2025-01-19 21:08:41,513 [INFO] CrossReferenceDbSqlite:203 - Set database path to: C:\Users\penta\.stmcufinder\plugins\mcufinder//mcu/cs/
2025-01-19 21:08:41,535 [INFO] ApplicationProperties:184 - Using Application install path: C:\ST\STM32CubeIDE_1.17.0\STM32CubeIDE\plugins\com.st.stm32cube.common.mx_6.13.0.202411220809
2025-01-19 21:08:41,538 [INFO] PluginManage:196 - Search for loadable plugins [exclusion list=, ]
2025-01-19 21:08:41,538 [INFO] PluginManage:310 - Check plugin analytics
2025-01-19 21:08:41,738 [INFO] AnalyticsPlugin:253 - Accepted Software Licenses: STM32CubeMX.6.12.1,STM32CubeMX.6.13.0
2025-01-19 21:08:41,739 [INFO] AnalyticsPlugin:255 - Accepted CMSIS Pack Licenses: 
2025-01-19 21:08:41,739 [INFO] AnalyticsPlugin:257 - Accepted Firmware Licenses: 
2025-01-19 21:08:41,742 [INFO] PluginManage:359 - Loaded plugin analytics (category:tool,tabindex:-1)
2025-01-19 21:08:41,742 [INFO] PluginManage:310 - Check plugin cadmodel
2025-01-19 21:08:41,767 [INFO] CADModel:105 - Init CAD model plugin
2025-01-19 21:08:41,767 [INFO] PluginManage:359 - Loaded plugin cadmodel (category:power,tabindex:5)
2025-01-19 21:08:41,767 [INFO] PluginManage:310 - Check plugin clock
2025-01-19 21:08:41,796 [INFO] PluginManage:359 - Loaded plugin clock (category:base,tabindex:2)
2025-01-19 21:08:41,797 [INFO] PluginManage:310 - Check plugin ddr
2025-01-19 21:08:41,805 [INFO] PluginManage:359 - Loaded plugin ddr (category:tool,tabindex:6)
2025-01-19 21:08:41,805 [INFO] PluginManage:310 - Check plugin filemanager
2025-01-19 21:08:41,975 [INFO] PluginManage:359 - Loaded plugin filemanager (category:base,tabindex:10)
2025-01-19 21:08:41,975 [INFO] PluginManage:310 - Check plugin ipmanager
2025-01-19 21:08:41,985 [INFO] PluginManage:359 - Loaded plugin ipmanager (category:base,tabindex:5)
2025-01-19 21:08:41,985 [INFO] PluginManage:310 - Check plugin lpbam
2025-01-19 21:08:42,011 [INFO] PluginManage:359 - Loaded plugin lpbam (category:base,tabindex:0)
2025-01-19 21:08:42,011 [INFO] PluginManage:310 - Check plugin memorymap
2025-01-19 21:08:42,046 [INFO] PluginManage:359 - Loaded plugin memorymap (category:base,tabindex:4)
2025-01-19 21:08:42,046 [INFO] PluginManage:310 - Check plugin pinoutandconfiguration
2025-01-19 21:08:42,071 [INFO] PluginManage:359 - Loaded plugin pinoutandconfiguration (category:base,tabindex:1)
2025-01-19 21:08:42,071 [INFO] PluginManage:310 - Check plugin pinoutconfig
2025-01-19 21:08:42,200 [WARN] SupportedApi:132 - Cannot load RTOS API schema: s4s-elt-must-match.1: The content of 'definitions' must match (annotation?, (simpleType | complexType)?, (unique | key | keyref)*)). A problem was found starting at: attribute.
2025-01-19 21:08:42,425 [INFO] PluginManage:359 - Loaded plugin pinoutconfig (category:base,tabindex:0)
2025-01-19 21:08:42,425 [INFO] PluginManage:310 - Check plugin power
2025-01-19 21:08:42,456 [INFO] PluginManage:359 - Loaded plugin power (category:power,tabindex:4)
2025-01-19 21:08:42,456 [INFO] PluginManage:310 - Check plugin projectmanager
2025-01-19 21:08:42,476 [INFO] PluginManage:359 - Loaded plugin projectmanager (category:projectmanager,tabindex:4)
2025-01-19 21:08:42,476 [INFO] PluginManage:310 - Check plugin rif
2025-01-19 21:08:42,502 [INFO] PluginManage:359 - Loaded plugin rif (category:base,tabindex:3)
2025-01-19 21:08:42,503 [INFO] PluginManage:310 - Check plugin thirdparty
2025-01-19 21:08:42,908 [WARN] IntegrityCheckThread:84 - waiting for thirdparty lock release [integrity check]
2025-01-19 21:08:42,908 [INFO] IntegrityCheckThread:86 - entering critical section [integrity check]
2025-01-19 21:08:42,908 [INFO] ThirdPartyUpdaterWithRetryManager:70 - Updater plugin not ready yet. [1/15]
2025-01-19 21:08:42,909 [INFO] PluginManage:359 - Loaded plugin thirdparty (category:base,tabindex:-1)
2025-01-19 21:08:42,909 [INFO] PluginManage:310 - Check plugin tools
2025-01-19 21:08:42,958 [INFO] PluginManage:359 - Loaded plugin tools (category:base,tabindex:7)
2025-01-19 21:08:42,958 [INFO] PluginManage:310 - Check plugin tutovideos
2025-01-19 21:08:43,271 [INFO] PluginManage:359 - Loaded plugin tutovideos (category:base,tabindex:-1)
2025-01-19 21:08:43,271 [INFO] PluginManage:310 - Check plugin updater
2025-01-19 21:08:43,304 [INFO] PluginManage:359 - Loaded plugin updater (category:base,tabindex:12)
2025-01-19 21:08:43,304 [INFO] PluginManage:310 - Check plugin userauth
2025-01-19 21:08:43,313 [INFO] UserAuth:118 - Init User Auth plugin
2025-01-19 21:08:43,313 [INFO] PluginManage:359 - Loaded plugin userauth (category:base,tabindex:14)
2025-01-19 21:08:43,314 [INFO] PluginManage:283 - PluginManage : Loaded plugins [18]
2025-01-19 21:08:43,586 [INFO] PinOutPanel:1589 - setPackage(No Configuration,No Configuration)
2025-01-19 21:08:43,693 [INFO] CADModel:165 - CPN selected for project level
2025-01-19 21:08:43,693 [INFO] CADModel:114 - Register for checkConnection events
2025-01-19 21:08:43,733 [INFO] IPUIPlugin:80 - create IPUIPlugin
2025-01-19 21:08:43,733 [INFO] PluginManager:220 - loadIPPluginJar : add adc
2025-01-19 21:08:43,787 [INFO] IPUIPlugin:80 - create IPUIPlugin
2025-01-19 21:08:43,787 [INFO] PluginManager:220 - loadIPPluginJar : add aes
2025-01-19 21:08:43,844 [INFO] IPUIPlugin:80 - create IPUIPlugin
2025-01-19 21:08:43,845 [INFO] PluginManager:220 - loadIPPluginJar : add can
2025-01-19 21:08:43,878 [INFO] IPUIPlugin:80 - create IPUIPlugin
2025-01-19 21:08:43,878 [INFO] PluginManager:220 - loadIPPluginJar : add comp
2025-01-19 21:08:43,923 [INFO] IPUIPlugin:80 - create IPUIPlugin
2025-01-19 21:08:43,924 [INFO] PluginManager:220 - loadIPPluginJar : add cryp
2025-01-19 21:08:43,941 [INFO] IPUIPlugin:80 - create IPUIPlugin
2025-01-19 21:08:43,941 [INFO] PluginManager:220 - loadIPPluginJar : add ddr_ctrl_phy
2025-01-19 21:08:43,983 [INFO] IPUIPlugin:80 - create IPUIPlugin
2025-01-19 21:08:43,983 [INFO] PluginManager:220 - loadIPPluginJar : add dfsdm
2025-01-19 21:08:44,004 [INFO] IPUIPlugin:80 - create IPUIPlugin
2025-01-19 21:08:44,004 [INFO] PluginManager:220 - loadIPPluginJar : add dma
2025-01-19 21:08:44,057 [INFO] IPUIPlugin:80 - create IPUIPlugin
2025-01-19 21:08:44,057 [INFO] PluginManager:220 - loadIPPluginJar : add dma3
2025-01-19 21:08:44,114 [INFO] IPUIPlugin:80 - create IPUIPlugin
2025-01-19 21:08:44,116 [INFO] PluginManager:220 - loadIPPluginJar : add extmemmanager
2025-01-19 21:08:44,142 [INFO] IPUIPlugin:80 - create IPUIPlugin
2025-01-19 21:08:44,142 [INFO] PluginManager:220 - loadIPPluginJar : add fatfs
2025-01-19 21:08:44,209 [INFO] IPUIPlugin:80 - create IPUIPlugin
2025-01-19 21:08:44,209 [INFO] PluginManager:220 - loadIPPluginJar : add fmc
2025-01-19 21:08:44,230 [INFO] IPUIPlugin:80 - create IPUIPlugin
2025-01-19 21:08:44,233 [INFO] PluginManager:220 - loadIPPluginJar : add freertos
2025-01-19 21:08:44,259 [INFO] IPUIPlugin:80 - create IPUIPlugin
2025-01-19 21:08:44,259 [INFO] PluginManager:220 - loadIPPluginJar : add genericplugin
2025-01-19 21:08:44,371 [INFO] IPUIPlugin:80 - create IPUIPlugin
2025-01-19 21:08:44,371 [INFO] PluginManager:220 - loadIPPluginJar : add gfxmmu
2025-01-19 21:08:44,524 [INFO] IPUIPlugin:80 - create IPUIPlugin
2025-01-19 21:08:44,526 [INFO] PluginManager:220 - loadIPPluginJar : add gic
2025-01-19 21:08:44,546 [INFO] IPUIPlugin:80 - create IPUIPlugin
2025-01-19 21:08:44,546 [INFO] PluginManager:220 - loadIPPluginJar : add gpio
2025-01-19 21:08:44,663 [INFO] IPUIPlugin:80 - create IPUIPlugin
2025-01-19 21:08:44,663 [INFO] PluginManager:220 - loadIPPluginJar : add gtzc
2025-01-19 21:08:44,707 [INFO] IPUIPlugin:80 - create IPUIPlugin
2025-01-19 21:08:44,707 [INFO] PluginManager:220 - loadIPPluginJar : add hash
2025-01-19 21:08:44,781 [INFO] IPUIPlugin:80 - create IPUIPlugin
2025-01-19 21:08:44,781 [INFO] PluginManager:220 - loadIPPluginJar : add i2c
2025-01-19 21:08:44,830 [INFO] IPUIPlugin:80 - create IPUIPlugin
2025-01-19 21:08:44,830 [INFO] PluginManager:220 - loadIPPluginJar : add i2s
2025-01-19 21:08:44,886 [INFO] IPUIPlugin:80 - create IPUIPlugin
2025-01-19 21:08:44,886 [INFO] PluginManager:220 - loadIPPluginJar : add i3c
2025-01-19 21:08:45,002 [INFO] IPUIPlugin:80 - create IPUIPlugin
2025-01-19 21:08:45,002 [INFO] PluginManager:220 - loadIPPluginJar : add ipddr
2025-01-19 21:08:45,110 [INFO] IPUIPlugin:80 - create IPUIPlugin
2025-01-19 21:08:45,113 [INFO] PluginManager:220 - loadIPPluginJar : add linkedlist
2025-01-19 21:08:45,155 [INFO] IPUIPlugin:80 - create IPUIPlugin
2025-01-19 21:08:45,155 [INFO] PluginManager:220 - loadIPPluginJar : add lorawan
2025-01-19 21:08:45,202 [INFO] IPUIPlugin:80 - create IPUIPlugin
2025-01-19 21:08:45,202 [INFO] PluginManager:220 - loadIPPluginJar : add ltdc
2025-01-19 21:08:45,221 [INFO] IPUIPlugin:80 - create IPUIPlugin
2025-01-19 21:08:45,222 [INFO] PluginManager:220 - loadIPPluginJar : add mdma
2025-01-19 21:08:45,239 [INFO] IPUIPlugin:80 - create IPUIPlugin
2025-01-19 21:08:45,241 [INFO] PluginManager:220 - loadIPPluginJar : add nvic
2025-01-19 21:08:45,292 [INFO] IPUIPlugin:80 - create IPUIPlugin
2025-01-19 21:08:45,292 [INFO] PluginManager:220 - loadIPPluginJar : add opamp
2025-01-19 21:08:45,364 [INFO] IPUIPlugin:80 - create IPUIPlugin
2025-01-19 21:08:45,364 [INFO] PluginManager:220 - loadIPPluginJar : add openamp
2025-01-19 21:08:45,419 [INFO] IPUIPlugin:80 - create IPUIPlugin
2025-01-19 21:08:45,419 [INFO] PluginManager:220 - loadIPPluginJar : add pdm2pcm
2025-01-19 21:08:45,440 [INFO] IPUIPlugin:80 - create IPUIPlugin
2025-01-19 21:08:45,442 [INFO] PluginManager:220 - loadIPPluginJar : add plateformsettings
2025-01-19 21:08:45,471 [INFO] IPUIPlugin:80 - create IPUIPlugin
2025-01-19 21:08:45,471 [INFO] PluginManager:220 - loadIPPluginJar : add quadspi
2025-01-19 21:08:45,508 [INFO] IPUIPlugin:80 - create IPUIPlugin
2025-01-19 21:08:45,508 [INFO] PluginManager:220 - loadIPPluginJar : add radio
2025-01-19 21:08:45,525 [INFO] IPUIPlugin:80 - create IPUIPlugin
2025-01-19 21:08:45,527 [INFO] PluginManager:220 - loadIPPluginJar : add resmgrutility
2025-01-19 21:08:45,589 [INFO] IPUIPlugin:80 - create IPUIPlugin
2025-01-19 21:08:45,589 [INFO] PluginManager:220 - loadIPPluginJar : add sai
2025-01-19 21:08:45,635 [INFO] IPUIPlugin:80 - create IPUIPlugin
2025-01-19 21:08:45,635 [INFO] PluginManager:220 - loadIPPluginJar : add spi
2025-01-19 21:08:45,721 [INFO] IPUIPlugin:80 - create IPUIPlugin
2025-01-19 21:08:45,721 [INFO] PluginManager:220 - loadIPPluginJar : add stm32_wpan
2025-01-19 21:08:45,762 [INFO] IPUIPlugin:80 - create IPUIPlugin
2025-01-19 21:08:45,762 [INFO] PluginManager:220 - loadIPPluginJar : add tim
2025-01-19 21:08:45,845 [INFO] IPUIPlugin:80 - create IPUIPlugin
2025-01-19 21:08:45,845 [INFO] PluginManager:220 - loadIPPluginJar : add touchsensing
2025-01-19 21:08:45,874 [INFO] IPUIPlugin:80 - create IPUIPlugin
2025-01-19 21:08:45,874 [INFO] PluginManager:220 - loadIPPluginJar : add tracer_emb
2025-01-19 21:08:45,906 [INFO] IPUIPlugin:80 - create IPUIPlugin
2025-01-19 21:08:45,906 [INFO] PluginManager:220 - loadIPPluginJar : add ts
2025-01-19 21:08:45,911 [INFO] ThirdPartyUpdaterWithRetryManager:70 - Updater plugin not ready yet. [2/15]
2025-01-19 21:08:45,938 [INFO] IPUIPlugin:80 - create IPUIPlugin
2025-01-19 21:08:45,938 [INFO] PluginManager:220 - loadIPPluginJar : add tsc
2025-01-19 21:08:45,968 [INFO] IPUIPlugin:80 - create IPUIPlugin
2025-01-19 21:08:45,968 [INFO] PluginManager:220 - loadIPPluginJar : add ucpd
2025-01-19 21:08:46,028 [INFO] IPUIPlugin:80 - create IPUIPlugin
2025-01-19 21:08:46,029 [INFO] PluginManager:220 - loadIPPluginJar : add usart
2025-01-19 21:08:46,081 [INFO] IPUIPlugin:80 - create IPUIPlugin
2025-01-19 21:08:46,082 [INFO] PluginManager:220 - loadIPPluginJar : add usbx
2025-01-19 21:08:46,209 [FATAL] Updater:351 - Updater called before beeing initialized
2025-01-19 21:08:46,231 [INFO] RulesReader:64 - Compatibility file has been processed (297 Rules)
2025-01-19 21:08:46,238 [INFO] RulesReader:64 - Compatibility file has been processed (297 Rules)
2025-01-19 21:08:46,248 [INFO] CADModel:165 - CPN selected for project level
2025-01-19 21:08:46,248 [INFO] CADModel:114 - Register for checkConnection events
2025-01-19 21:08:46,248 [FATAL] Updater:351 - Updater called before beeing initialized
2025-01-19 21:08:46,248 [ERROR] CADModel:125 - Updater not yet initialized, retry later 
2025-01-19 21:08:46,448 [FATAL] Updater:351 - Updater called before beeing initialized
2025-01-19 21:08:46,452 [INFO] CADModel:165 - CPN selected for project level
2025-01-19 21:08:46,452 [INFO] CADModel:114 - Register for checkConnection events
2025-01-19 21:08:46,452 [FATAL] Updater:351 - Updater called before beeing initialized
2025-01-19 21:08:46,452 [ERROR] CADModel:125 - Updater not yet initialized, retry later 
2025-01-19 21:08:46,456 [FATAL] Updater:351 - Updater called before beeing initialized
2025-01-19 21:08:46,561 [FATAL] Updater:351 - Updater called before beeing initialized
2025-01-19 21:08:46,574 [INFO] DbMcusAds:53 - JSON generation date=Tue Dec 17 23:01:15 ICT 2024 (1734451275143)
2025-01-19 21:08:46,575 [FATAL] Updater:351 - Updater called before beeing initialized
2025-01-19 21:08:46,613 [WARN] DetailPanel:346 - Failed to get advertising image, set to default
2025-01-19 21:08:46,822 [FATAL] Updater:351 - Updater called before beeing initialized
2025-01-19 21:08:46,826 [FATAL] Updater:351 - Updater called before beeing initialized
2025-01-19 21:08:46,826 [FATAL] Updater:351 - Updater called before beeing initialized
2025-01-19 21:08:46,826 [WARN] DetailPanel:346 - Failed to get advertising image, set to default
2025-01-19 21:08:46,827 [FATAL] Updater:351 - Updater called before beeing initialized
2025-01-19 21:08:46,900 [ERROR] Updater:1198 - MainUpdater not yet initialized. External WinMGr cannot be set.
2025-01-19 21:08:46,914 [INFO] Updater:1134 - Updater Version found : 6.13.0
2025-01-19 21:08:46,939 [INFO] ApplicationProperties:184 - Using Application install path: C:\ST\STM32CubeIDE_1.17.0\STM32CubeIDE\plugins\com.st.stm32cube.common.mx_6.13.0.202411220809
2025-01-19 21:08:47,401 [INFO] MainUpdater:2872 - connection check result : 10
2025-01-19 21:08:47,403 [INFO] MainUpdater:289 - Updater Check For Update Now.
2025-01-19 21:08:47,403 [INFO] MicroXplorer:498 - Change Database Version : DB.6.0.130
2025-01-19 21:08:47,422 [INFO] McuFinderGlobals:63 - Set McuFinder mode to 2 (CubeIDE integrated)
2025-01-19 21:08:47,431 [INFO] UserAuth:486 - Internet connection configuration mode: 1
2025-01-19 21:08:47,471 [INFO] JxBrowserEngine:152 - Initiate JxBrowser Engine with user profile folder
2025-01-19 21:08:47,665 [INFO] CheckServerUpdateThread:120 - End of CheckServer Thread
2025-01-19 21:08:48,576 [INFO] WebApp:168 - Instantiating new browser for Auth
2025-01-19 21:08:49,232 [WARN] PackLoader:240 - Cannot read IP mode file for STMicroelectronics.FP-SNS-MOTENVWB1.1.4.0
2025-01-19 21:08:49,255 [WARN] PackLoader:240 - Cannot read IP mode file for STMicroelectronics.FP-ATR-ASTRA1.2.0.1
2025-01-19 21:08:49,277 [WARN] PackLoader:240 - Cannot read IP mode file for STMicroelectronics.X-CUBE-SMBUS.2.1.0
2025-01-19 21:08:49,301 [WARN] PackLoader:240 - Cannot read IP mode file for STMicroelectronics.X-CUBE-WB05N.1.1.0
2025-01-19 21:08:49,349 [WARN] PackLoader:240 - Cannot read IP mode file for STMicroelectronics.X-CUBE-AZRTOS-F7.1.1.0
2025-01-19 21:08:49,442 [WARN] PackLoader:240 - Cannot read IP mode file for STMicroelectronics.X-CUBE-MEMS1.11.0.0
2025-01-19 21:08:49,540 [WARN] PackLoader:240 - Cannot read IP mode file for STMicroelectronics.FP-SNS-FLIGHT1.5.0.2
2025-01-19 21:08:49,557 [WARN] PackLoader:240 - Cannot read IP mode file for STMicroelectronics.X-CUBE-DISPLAY.3.0.0
2025-01-19 21:08:49,575 [WARN] PackLoader:240 - Cannot read IP mode file for STMicroelectronics.X-CUBE-BLE1.7.0.0
2025-01-19 21:08:49,592 [WARN] PackLoader:240 - Cannot read IP mode file for STMicroelectronics.X-CUBE-NFC10.1.0.0
2025-01-19 21:08:49,613 [WARN] PackLoader:240 - Cannot read IP mode file for STMicroelectronics.X-CUBE-BLEMGR.4.0.0
2025-01-19 21:08:49,630 [WARN] PackLoader:240 - Cannot read IP mode file for emotas.I-CUBE-CANOPEN.1.3.0
2025-01-19 21:08:49,650 [WARN] PackLoader:240 - Cannot read IP mode file for STMicroelectronics.X-CUBE-BLEMGR.3.1.0
2025-01-19 21:08:49,670 [WARN] PackLoader:240 - Cannot read IP mode file for STMicroelectronics.FP-SNS-SMARTAG2.1.2.0
2025-01-19 21:08:49,771 [WARN] PackLoader:240 - Cannot read IP mode file for STMicroelectronics.X-CUBE-MEMS1.11.1.0
2025-01-19 21:08:49,954 [INFO] LogOutputStream:77 - [STDOUT_REDIRECT] 1 : Invalid condition id : UX_CORESTACK_Condition cause : null
2025-01-19 21:08:49,955 [INFO] LogOutputStream:77 - [STDOUT_REDIRECT] 1 : Invalid condition id : UX_CORESTACK_Condition cause : null
2025-01-19 21:08:49,956 [INFO] LogOutputStream:77 - [STDOUT_REDIRECT] 1 : Invalid condition id : UX_CORESTACK_Condition cause : null
2025-01-19 21:08:49,956 [INFO] LogOutputStream:77 - [STDOUT_REDIRECT] 1 : Invalid condition id : UX_CORESTACK_Condition cause : null
2025-01-19 21:08:49,959 [INFO] LogOutputStream:77 - [STDOUT_REDIRECT] 1 : Invalid condition id : UX_CORESTACK_Condition cause : null
2025-01-19 21:08:49,961 [WARN] PackLoader:240 - Cannot read IP mode file for STMicroelectronics.X-CUBE-AZRTOS-WL.2.0.0
2025-01-19 21:08:49,979 [WARN] PackLoader:240 - Cannot read IP mode file for STMicroelectronics.FP-SNS-MOTENV1.5.0.0
2025-01-19 21:08:49,997 [WARN] PackLoader:240 - Cannot read IP mode file for wolfSSL.I-CUBE-wolfMQTT.1.19.0
2025-01-19 21:08:50,017 [WARN] PackLoader:240 - Cannot read IP mode file for WES.I-CUBE-Cesium.1.3.0
2025-01-19 21:08:50,038 [WARN] PackLoader:240 - Cannot read IP mode file for STMicroelectronics.X-CUBE-BLE2.3.3.0
2025-01-19 21:08:50,057 [WARN] PackLoader:240 - Cannot read IP mode file for STMicroelectronics.X-CUBE-NFC9.1.0.0
2025-01-19 21:08:50,075 [WARN] PackLoader:240 - Cannot read IP mode file for STMicroelectronics.X-CUBE-TCPP.4.1.0
2025-01-19 21:08:50,105 [WARN] PackLoader:240 - Cannot read IP mode file for STMicroelectronics.X-CUBE-AZRTOS-G0.1.1.0
2025-01-19 21:08:50,143 [WARN] PackLoader:240 - Cannot read IP mode file for STMicroelectronics.X-CUBE-SAFEA1.1.2.2
2025-01-19 21:08:50,167 [WARN] PackLoader:240 - Cannot read IP mode file for STMicroelectronics.X-CUBE-NFC4.3.0.0
2025-01-19 21:08:50,190 [WARN] PackLoader:240 - Cannot read IP mode file for EmbeddedOffice.I-CUBE-FS-RTOS.1.0.1
2025-01-19 21:08:50,207 [WARN] PackLoader:240 - Cannot read IP mode file for STMicroelectronics.X-CUBE-TCPP.4.2.0
2025-01-19 21:08:50,224 [WARN] PackLoader:240 - Cannot read IP mode file for RealThread.X-CUBE-RT-Thread_Nano.4.1.1
2025-01-19 21:08:50,258 [WARN] PackLoader:240 - Cannot read IP mode file for STMicroelectronics.FP-ATR-SIGFOX1.3.2.0
2025-01-19 21:08:50,279 [WARN] PackLoader:240 - Cannot read IP mode file for wolfSSL.I-CUBE-wolfSSL.5.7.2
2025-01-19 21:08:50,298 [WARN] ConditionMgr:438 - getConditionDescription Invalid condition id : Cortex-A Device cause : null
2025-01-19 21:08:50,335 [WARN] ConditionMgr:1044 - genDependencies : Invalid condition id : Cortex-A Device cause : null
2025-01-19 21:08:50,336 [WARN] ConditionMgr:1044 - genDependencies : Invalid condition id : Cortex-A Device cause : null
2025-01-19 21:08:50,337 [WARN] ConditionMgr:1044 - genDependencies : Invalid condition id : Cortex-A Device cause : null
2025-01-19 21:08:50,361 [WARN] PackLoader:240 - Cannot read IP mode file for STMicroelectronics.X-CUBE-EEPRMA1.5.1.0
2025-01-19 21:08:50,385 [WARN] PackLoader:240 - Cannot read IP mode file for ITTIA_DB.I-CUBE-ITTIADB.8.9.0
2025-01-19 21:08:50,419 [WARN] PackLoader:240 - Cannot read IP mode file for SEGGER.I-CUBE-embOS.1.3.1
2025-01-19 21:08:50,456 [WARN] PackLoader:240 - Cannot read IP mode file for STMicroelectronics.X-CUBE-ALGOBUILD.1.4.0
2025-01-19 21:08:50,474 [WARN] PackLoader:240 - Cannot read IP mode file for STMicroelectronics.X-CUBE-AI.9.1.0
2025-01-19 21:08:50,502 [WARN] PackLoader:240 - Cannot read IP mode file for STMicroelectronics.X-CUBE-AZRTOS-F4.1.1.0
2025-01-19 21:08:50,518 [WARN] PackLoader:240 - Cannot read IP mode file for STMicroelectronics.X-CUBE-ISPU.2.1.0
2025-01-19 21:08:50,537 [WARN] PackLoader:240 - Cannot read IP mode file for STMicroelectronics.X-CUBE-FREERTOS.1.2.0
2025-01-19 21:08:50,566 [WARN] PackLoader:240 - Cannot read IP mode file for STMicroelectronics.X-CUBE-AZRTOS-L5.2.0.0
2025-01-19 21:08:50,586 [WARN] PackLoader:240 - Cannot read IP mode file for STMicroelectronics.X-CUBE-NFC6.3.1.0
2025-01-19 21:08:50,607 [WARN] PackLoader:240 - Cannot read IP mode file for STMicroelectronics.X-CUBE-DPower.1.2.0
2025-01-19 21:08:50,622 [WARN] PackLoader:240 - Cannot read IP mode file for STMicroelectronics.X-CUBE-FREERTOS.1.3.0
2025-01-19 21:08:50,639 [WARN] PackLoader:240 - Cannot read IP mode file for STMicroelectronics.X-CUBE-NFC7.1.0.1
2025-01-19 21:08:50,679 [WARN] ConditionMgr:438 - getConditionDescription Invalid condition id : LAN8742 Phy interface Condition cause : null
2025-01-19 21:08:50,681 [WARN] PackLoader:240 - Cannot read IP mode file for STMicroelectronics.X-CUBE-AZRTOS-L4.2.0.0
2025-01-19 21:08:50,682 [WARN] ConditionMgr:1044 - genDependencies : Invalid condition id : LAN8742 Phy interface Condition cause : null
2025-01-19 21:08:50,683 [WARN] ConditionMgr:1044 - genDependencies : Invalid condition id : LAN8742 Phy interface Condition cause : null
2025-01-19 21:08:50,684 [WARN] ConditionMgr:1044 - genDependencies : Invalid condition id : LAN8742 Phy interface Condition cause : null
2025-01-19 21:08:50,704 [WARN] PackLoader:240 - Cannot read IP mode file for STMicroelectronics.X-CUBE-SFXS2LP1.4.0.0
2025-01-19 21:08:50,732 [WARN] PackLoader:240 - Cannot read IP mode file for STMicroelectronics.X-CUBE-AZRTOS-H7.3.3.0
2025-01-19 21:08:50,755 [WARN] PackLoader:240 - Cannot read IP mode file for STMicroelectronics.X-CUBE-IPS.3.0.0
2025-01-19 21:08:50,782 [WARN] ConditionMgr:438 - getConditionDescription Invalid condition id : UX DEVICE CLASS RTOS Condition cause : null
2025-01-19 21:08:50,782 [WARN] ConditionMgr:438 - getConditionDescription Invalid condition id : UX DEVICE CLASS RTOS Condition cause : null
2025-01-19 21:08:50,794 [WARN] PackLoader:240 - Cannot read IP mode file for STMicroelectronics.X-CUBE-AZRTOS-WB.2.0.0
2025-01-19 21:08:50,795 [WARN] ConditionMgr:1044 - genDependencies : Invalid condition id : UX DEVICE CLASS RTOS Condition cause : null
2025-01-19 21:08:50,795 [WARN] ConditionMgr:1044 - genDependencies : Invalid condition id : UX DEVICE CLASS RTOS Condition cause : null
2025-01-19 21:08:50,796 [WARN] ConditionMgr:1044 - genDependencies : Invalid condition id : UX DEVICE CLASS RTOS Condition cause : null
2025-01-19 21:08:50,796 [WARN] ConditionMgr:1044 - genDependencies : Invalid condition id : UX DEVICE CLASS RTOS Condition cause : null
2025-01-19 21:08:50,796 [WARN] ConditionMgr:1044 - genDependencies : Invalid condition id : UX DEVICE CLASS RTOS Condition cause : null
2025-01-19 21:08:50,814 [WARN] PackLoader:240 - Cannot read IP mode file for STMicroelectronics.X-CUBE-GNSS1.7.0.0
2025-01-19 21:08:50,830 [WARN] PackLoader:240 - Cannot read IP mode file for STMicroelectronics.X-CUBE-GNSS1.7.0.1
2025-01-19 21:08:50,852 [WARN] PackLoader:240 - Cannot read IP mode file for STMicroelectronics.FP-SNS-STBOX1.2.0.0
2025-01-19 21:08:50,885 [WARN] PackLoader:240 - Cannot read IP mode file for STMicroelectronics.X-CUBE-SUBG2.5.0.0
2025-01-19 21:08:50,908 [WARN] PackLoader:240 - Cannot read IP mode file for Cesanta.I-CUBE-Mongoose.7.13.0
2025-01-19 21:08:50,959 [WARN] PackLoader:240 - Cannot read IP mode file for STMicroelectronics.X-CUBE-AZRTOS-G4.2.0.0
2025-01-19 21:08:50,982 [WARN] PackLoader:240 - Cannot read IP mode file for STMicroelectronics.X-CUBE-IPS.3.1.0
2025-01-19 21:08:51,001 [WARN] PackLoader:240 - Cannot read IP mode file for STMicroelectronics.X-CUBE-ALS.1.0.2
2025-01-19 21:08:51,020 [WARN] PackLoader:240 - Cannot read IP mode file for STMicroelectronics.X-CUBE-TOUCHGFX.4.24.2
2025-01-19 21:08:51,037 [WARN] PackLoader:240 - Cannot read IP mode file for STMicroelectronics.X-CUBE-TOUCHGFX.4.24.1
2025-01-19 21:08:51,054 [WARN] PackLoader:240 - Cannot read IP mode file for wolfSSL.I-CUBE-wolfTPM.3.4.0
2025-01-19 21:08:51,096 [WARN] PackLoader:240 - Cannot read IP mode file for portGmbH.I-Cube-SoM-uGOAL.1.1.0
2025-01-19 21:08:51,128 [WARN] PackLoader:240 - Cannot read IP mode file for STMicroelectronics.X-CUBE-AZRTOS-H7RS.1.0.0
2025-01-19 21:08:51,145 [WARN] PackLoader:240 - Cannot read IP mode file for STMicroelectronics.FP-ATR-ASTRA1.2.0.0
2025-01-19 21:08:51,232 [WARN] PackLoader:240 - Cannot read IP mode file for STMicroelectronics.X-CUBE-TOF1.3.4.2
2025-01-19 21:08:51,312 [WARN] PackLoader:240 - Cannot read IP mode file for Infineon.AIROC-Wi-Fi-Bluetooth-STM32.1.6.1
2025-01-19 21:08:51,331 [WARN] PackLoader:240 - Cannot read IP mode file for wolfSSL.I-CUBE-wolfSSH.1.4.17
2025-01-19 21:08:51,333 [INFO] ThirdParty:978 - Integrity check success = true
2025-01-19 21:08:51,333 [INFO] IntegrityCheckThread:100 - exiting critical section [integrity check]
2025-01-19 21:08:51,333 [INFO] IntegrityCheckThread:103 - End integrity checks thread
2025-01-19 21:08:51,613 [INFO] WebApp:449 - Apply proxy settings
2025-01-19 21:08:51,614 [INFO] WebApp:534 - Chromium requires no authentication
2025-01-19 21:08:51,631 [INFO] WebApp:477 - Direct internet connection detected
2025-01-19 21:08:51,675 [INFO] WebApp:880 - Register for checkConnection events
2025-01-19 21:08:51,675 [INFO] WebApp:449 - Apply proxy settings
2025-01-19 21:08:51,675 [INFO] WebApp:534 - Chromium requires no authentication
2025-01-19 21:08:51,677 [INFO] WebApp:477 - Direct internet connection detected
2025-01-19 21:08:51,961 [INFO] WebApp:221 - Starting web application
2025-01-19 21:08:51,961 [INFO] WebApp:579 - Web application path used C:\ST\STM32CubeIDE_1.17.0\STM32CubeIDE\plugins\com.st.stm32cube.common.mx_6.13.0.202411220809\db\plugins\mcufinder\reactClient1\index.html
2025-01-19 21:08:52,119 [INFO] UserAuth:486 - Internet connection configuration mode: 1
2025-01-19 21:08:52,373 [INFO] WebApp:187 - Connection restablished
